<?xml version="1.0" encoding="UTF-8"?>
<!-- Generated by org.testng.reporters.JUnitReportReporter -->
<testsuite hostname="vassar" failures="0" tests="51" name="testrunner.TestRunner" time="207.583" errors="0" timestamp="2022-12-12T19:03:23 IST" skipped="0">
  <testcase classname="testrunner.TestRunner" name="runScenario" time="4.242"/>
  <system-out/>
  <testcase classname="testrunner.TestRunner" name="runScenario" time="3.960"/>
  <system-out/>
  <testcase classname="testrunner.TestRunner" name="runScenario" time="3.883"/>
  <system-out/>
  <testcase classname="testrunner.TestRunner" name="runScenario" time="4.306"/>
  <system-out/>
  <testcase classname="testrunner.TestRunner" name="runScenario" time="4.073"/>
  <system-out/>
  <testcase classname="testrunner.TestRunner" name="runScenario" time="3.634"/>
  <system-out/>
  <testcase classname="testrunner.TestRunner" name="runScenario" time="3.920"/>
  <system-out/>
  <testcase classname="testrunner.TestRunner" name="runScenario" time="3.723"/>
  <system-out/>
  <testcase classname="testrunner.TestRunner" name="runScenario" time="4.162"/>
  <system-out/>
  <testcase classname="testrunner.TestRunner" name="runScenario" time="4.105"/>
  <system-out/>
  <testcase classname="testrunner.TestRunner" name="runScenario" time="4.035"/>
  <system-out/>
  <testcase classname="testrunner.TestRunner" name="runScenario" time="3.989"/>
  <system-out/>
  <testcase classname="testrunner.TestRunner" name="runScenario" time="4.111"/>
  <system-out/>
  <testcase classname="testrunner.TestRunner" name="runScenario" time="4.184"/>
  <system-out/>
  <testcase classname="testrunner.TestRunner" name="runScenario" time="4.082"/>
  <system-out/>
  <testcase classname="testrunner.TestRunner" name="runScenario" time="4.054"/>
  <system-out/>
  <testcase classname="testrunner.TestRunner" name="runScenario" time="4.176"/>
  <system-out/>
  <testcase classname="testrunner.TestRunner" name="runScenario" time="3.998"/>
  <system-out/>
  <testcase classname="testrunner.TestRunner" name="runScenario" time="3.840"/>
  <system-out/>
  <testcase classname="testrunner.TestRunner" name="runScenario" time="4.314"/>
  <system-out/>
  <testcase classname="testrunner.TestRunner" name="runScenario" time="4.034"/>
  <system-out/>
  <testcase classname="testrunner.TestRunner" name="runScenario" time="4.835"/>
  <system-out/>
  <testcase classname="testrunner.TestRunner" name="runScenario" time="3.602"/>
  <system-out/>
  <testcase classname="testrunner.TestRunner" name="runScenario" time="3.957"/>
  <system-out/>
  <testcase classname="testrunner.TestRunner" name="runScenario" time="4.133"/>
  <system-out/>
  <testcase classname="testrunner.TestRunner" name="runScenario" time="3.902"/>
  <system-out/>
  <testcase classname="testrunner.TestRunner" name="runScenario" time="4.023"/>
  <system-out/>
  <testcase classname="testrunner.TestRunner" name="runScenario" time="3.962"/>
  <system-out/>
  <testcase classname="testrunner.TestRunner" name="runScenario" time="4.061"/>
  <system-out/>
  <testcase classname="testrunner.TestRunner" name="runScenario" time="3.863"/>
  <system-out/>
  <testcase classname="testrunner.TestRunner" name="runScenario" time="4.054"/>
  <system-out/>
  <testcase classname="testrunner.TestRunner" name="runScenario" time="3.816"/>
  <system-out/>
  <testcase classname="testrunner.TestRunner" name="runScenario" time="4.301"/>
  <system-out/>
  <testcase classname="testrunner.TestRunner" name="runScenario" time="4.135"/>
  <system-out/>
  <testcase classname="testrunner.TestRunner" name="runScenario" time="4.232"/>
  <system-out/>
  <testcase classname="testrunner.TestRunner" name="runScenario" time="4.076"/>
  <system-out/>
  <testcase classname="testrunner.TestRunner" name="runScenario" time="5.212"/>
  <system-out/>
  <testcase classname="testrunner.TestRunner" name="runScenario" time="4.182"/>
  <system-out/>
  <testcase classname="testrunner.TestRunner" name="runScenario" time="3.912"/>
  <system-out/>
  <testcase classname="testrunner.TestRunner" name="runScenario" time="4.295"/>
  <system-out/>
  <testcase classname="testrunner.TestRunner" name="runScenario" time="4.091"/>
  <system-out/>
  <testcase classname="testrunner.TestRunner" name="runScenario" time="4.156"/>
  <system-out/>
  <testcase classname="testrunner.TestRunner" name="runScenario" time="4.240"/>
  <system-out/>
  <testcase classname="testrunner.TestRunner" name="runScenario" time="4.238"/>
  <system-out/>
  <testcase classname="testrunner.TestRunner" name="runScenario" time="3.812"/>
  <system-out/>
  <testcase classname="testrunner.TestRunner" name="runScenario" time="4.219"/>
  <system-out/>
  <testcase classname="testrunner.TestRunner" name="runScenario" time="4.018"/>
  <system-out/>
  <testcase classname="testrunner.TestRunner" name="runScenario" time="3.777"/>
  <system-out/>
  <testcase classname="testrunner.TestRunner" name="runScenario" time="3.988"/>
  <system-out/>
  <testcase classname="testrunner.TestRunner" name="runScenario" time="3.676"/>
  <system-out/>
  <testcase classname="testrunner.TestRunner" name="runScenario" time="3.990"/>
  <system-out/>
</testsuite> <!-- testrunner.TestRunner -->
